TN:
SF:lib/components/parts/marquee_text.dart
FNF:0
FNH:0
DA:6,8
DA:11,8
DA:12,8
DA:23,8
DA:24,8
DA:25,8
DA:26,24
DA:28,8
DA:30,8
DA:31,16
DA:32,32
DA:35,3
DA:37,3
DA:38,16
DA:39,12
DA:43,8
DA:44,16
DA:45,8
DA:46,24
DA:48,8
DA:49,40
DA:52,8
DA:53,16
DA:55,8
DA:56,2
DA:57,1
DA:58,5
DA:59,2
DA:60,2
DA:62,0
DA:63,0
DA:66,16
DA:69,24
DA:72,8
DA:74,16
DA:75,8
DA:78,8
DA:80,8
DA:81,8
DA:82,16
DA:83,16
DA:90,5
DA:92,1
DA:93,1
DA:94,1
DA:95,1
DA:96,5
DA:98,1
DA:99,2
DA:100,1
DA:102,1
DA:105,1
DA:110,1
DA:111,1
DA:123,1
LF:55
LH:53
end_of_record
