SF:lib/services/drag_result.dart
DA:8,4
DA:10,4
DA:12,4
DA:19,0
DA:20,0
DA:21,0
DA:22,0
DA:28,6
DA:30,12
DA:31,2
DA:32,2
DA:33,0
DA:36,6
DA:38,6
DA:39,5
DA:40,5
DA:41,9
DA:43,3
DA:44,6
DA:45,6
DA:49,3
DA:50,4
DA:62,5
DA:68,3
LF:24
LH:19
end_of_record
SF:lib/components/drop_hit.dart
DA:5,3
DA:7,4
DA:9,4
DA:10,4
DA:11,4
DA:13,4
DA:20,4
DA:21,4
LF:8
LH:8
end_of_record
SF:lib/l10n/app_localizations.dart
DA:66,8
DA:67,16
DA:71,8
DA:72,8
DA:316,3
DA:318,8
DA:320,16
DA:323,8
DA:325,24
DA:327,4
DA:331,8
DA:333,8
DA:334,8
DA:335,8
DA:336,1
DA:337,0
DA:338,1
DA:339,1
DA:342,0
LF:19
LH:17
end_of_record
SF:lib/components/files_stack.dart
DA:11,4
DA:18,4
DA:20,8
DA:21,0
DA:22,0
DA:23,0
DA:24,0
DA:30,4
DA:31,4
DA:32,12
DA:33,4
DA:34,8
DA:36,12
DA:37,4
DA:39,4
DA:42,4
DA:43,4
DA:45,4
DA:46,12
DA:47,4
DA:48,12
DA:49,4
DA:51,5
DA:53,4
DA:55,2
DA:56,4
DA:57,4
DA:58,4
DA:67,1
DA:70,2
DA:73,1
DA:74,1
DA:76,3
DA:77,1
DA:90,4
DA:101,4
DA:103,12
DA:105,8
DA:106,0
DA:107,0
DA:111,4
DA:113,8
DA:114,4
DA:117,4
DA:118,4
DA:119,4
DA:121,4
DA:122,20
DA:123,4
DA:125,4
DA:126,4
DA:127,4
DA:128,4
DA:129,4
LF:54
LH:48
end_of_record
SF:lib/model/file_reference.dart
DA:8,10
DA:10,40
DA:11,10
DA:12,4
DA:14,8
DA:16,16
DA:17,8
DA:19,5
DA:20,10
DA:24,5
DA:25,5
DA:27,0
DA:29,0
DA:35,0
DA:41,5
DA:50,5
DA:52,10
DA:53,5
DA:54,3
DA:57,1
DA:58,0
DA:60,0
DA:66,1
DA:75,2
DA:76,4
DA:78,1
DA:81,4
DA:82,0
DA:83,0
DA:84,0
DA:85,0
LF:31
LH:22
end_of_record
SF:lib/components/hover_icon_button.dart
DA:17,5
DA:32,5
DA:33,5
DA:40,0
DA:41,4
DA:43,5
DA:45,5
DA:46,20
DA:48,10
DA:50,5
DA:52,5
DA:56,5
DA:57,10
DA:59,10
DA:60,10
DA:61,10
DA:62,5
DA:63,5
DA:64,10
DA:66,5
DA:67,5
DA:68,5
DA:69,35
DA:71,10
DA:76,5
DA:78,10
DA:79,0
DA:80,0
DA:81,0
DA:82,0
DA:83,0
DA:85,5
DA:87,12
DA:88,10
DA:89,12
DA:90,20
DA:91,5
DA:92,10
DA:94,10
DA:97,0
DA:103,10
DA:104,1
DA:105,2
DA:106,2
DA:108,2
LF:45
LH:38
end_of_record
SF:lib/components/mac_close_button.dart
DA:6,6
DA:15,6
DA:16,6
DA:23,6
DA:25,6
DA:26,12
DA:31,6
DA:36,6
DA:39,6
DA:40,12
DA:44,6
DA:46,6
DA:47,6
DA:48,6
DA:49,6
DA:50,6
DA:51,6
DA:52,6
DA:54,12
DA:62,6
DA:63,1
DA:66,6
DA:67,6
DA:68,6
DA:70,6
DA:72,0
DA:74,0
DA:75,0
DA:76,0
DA:78,6
DA:80,8
DA:81,4
DA:82,4
DA:83,12
DA:84,6
DA:92,6
DA:96,0
DA:99,0
DA:100,0
DA:101,0
DA:102,0
DA:103,0
DA:104,0
DA:105,0
DA:106,0
DA:107,0
DA:108,0
DA:109,0
DA:110,0
DA:113,5
DA:115,30
LF:51
LH:34
end_of_record
SF:lib/components/parts/dragging_overlay.dart
DA:5,4
DA:8,5
DA:10,5
DA:11,1
DA:12,1
DA:13,1
DA:14,1
DA:17,1
DA:18,1
DA:19,2
DA:20,2
DA:21,1
LF:12
LH:12
end_of_record
SF:lib/components/parts/file_actions_bar.dart
DA:11,4
DA:28,4
DA:30,4
DA:31,4
DA:32,4
DA:35,4
DA:37,4
DA:40,4
DA:42,4
DA:44,4
DA:45,4
DA:46,8
DA:47,4
DA:49,8
DA:51,4
DA:52,8
DA:53,12
DA:55,0
DA:57,4
DA:58,4
DA:60,0
DA:61,0
DA:69,4
DA:72,4
DA:74,4
DA:76,4
DA:77,4
DA:78,8
DA:79,4
DA:81,8
DA:83,4
DA:84,8
DA:85,12
DA:87,0
DA:89,8
LF:35
LH:31
end_of_record
SF:lib/components/share_button.dart
DA:8,4
DA:10,4
DA:11,4
DA:15,4
DA:17,4
DA:18,4
DA:20,8
DA:21,4
LF:8
LH:8
end_of_record
SF:lib/components/remove_button.dart
DA:8,4
DA:10,4
DA:11,4
DA:15,4
DA:17,4
DA:18,4
DA:20,8
DA:21,4
LF:8
LH:8
end_of_record
SF:lib/providers/files_provider.dart
DA:14,18
DA:16,0
DA:17,1
DA:18,1
DA:19,4
DA:25,12
DA:26,48
DA:28,9
DA:29,3
DA:30,3
DA:31,3
DA:33,0
DA:36,12
DA:37,12
DA:38,12
DA:39,24
DA:40,12
DA:41,12
DA:45,0
DA:47,0
DA:48,0
DA:51,13
DA:52,13
DA:53,13
DA:54,0
DA:56,0
DA:61,6
DA:63,24
DA:64,4
DA:66,2
DA:69,6
DA:71,4
DA:76,12
DA:78,4
DA:84,12
DA:85,4
DA:86,4
DA:88,8
DA:90,3
DA:91,1
DA:92,4
DA:93,1
DA:94,1
DA:103,0
DA:104,0
DA:105,0
DA:109,1
DA:111,3
DA:112,1
DA:113,1
DA:121,1
DA:123,2
DA:124,1
DA:125,1
DA:133,4
DA:134,8
DA:135,8
DA:136,8
DA:137,4
DA:138,4
DA:142,3
DA:144,3
DA:145,3
DA:147,3
DA:149,0
DA:153,0
DA:154,0
DA:155,0
DA:156,0
DA:157,0
DA:161,0
DA:164,0
DA:168,3
DA:169,6
DA:170,3
DA:171,9
DA:172,6
DA:173,6
DA:176,3
DA:177,6
DA:178,6
DA:180,3
DA:181,3
DA:183,6
DA:191,3
DA:193,3
DA:194,3
DA:195,2
DA:196,2
DA:202,6
DA:207,8
DA:209,24
DA:210,8
DA:211,8
LF:94
LH:76
end_of_record
SF:lib/components/parts/file_name_badge.dart
DA:7,4
DA:11,4
DA:13,4
DA:14,4
DA:15,4
DA:16,4
DA:17,4
DA:21,4
DA:22,4
DA:23,4
DA:24,4
DA:26,8
DA:29,12
DA:31,4
DA:32,4
DA:33,4
DA:35,12
LF:17
LH:17
end_of_record
SF:lib/components/parts/marquee_text.dart
DA:7,4
DA:12,5
DA:13,5
DA:24,5
DA:25,5
DA:26,5
DA:27,15
DA:29,1
DA:30,1
DA:31,1
DA:32,1
DA:33,1
DA:34,1
DA:36,5
DA:38,5
DA:39,10
DA:40,20
DA:43,1
DA:45,1
DA:46,4
DA:47,4
DA:51,5
DA:52,10
DA:53,5
DA:54,15
DA:56,5
DA:57,25
DA:60,5
DA:61,10
DA:63,5
DA:64,2
DA:65,1
DA:66,5
DA:67,2
DA:68,2
DA:70,0
DA:71,0
DA:74,10
DA:77,15
DA:80,5
DA:82,10
DA:83,5
DA:86,5
DA:88,5
DA:89,5
DA:90,10
DA:91,10
DA:98,5
DA:99,1
DA:100,1
DA:101,1
DA:102,1
DA:103,5
DA:104,1
DA:106,1
DA:108,1
DA:109,2
DA:110,1
DA:112,3
DA:113,3
DA:117,1
DA:118,1
DA:130,1
LF:63
LH:61
end_of_record
SF:lib/components/parts/files_surface.dart
DA:15,4
DA:44,4
DA:46,4
DA:47,0
DA:48,0
DA:49,4
DA:50,0
DA:51,0
DA:52,0
DA:54,4
DA:56,4
DA:57,4
DA:59,4
DA:60,4
DA:62,8
DA:63,4
DA:65,4
DA:66,0
DA:68,0
DA:72,4
DA:74,4
DA:75,8
DA:76,4
DA:78,4
DA:79,8
DA:80,12
DA:82,4
DA:83,4
DA:84,8
DA:85,8
DA:86,8
DA:88,3
DA:89,4
DA:91,4
DA:92,8
DA:95,4
DA:96,4
DA:98,4
DA:99,4
DA:100,16
DA:102,4
DA:103,4
DA:106,4
DA:107,4
DA:109,4
DA:118,8
DA:119,12
DA:120,4
DA:121,4
DA:122,4
DA:123,4
DA:124,4
DA:125,4
DA:126,4
LF:54
LH:47
end_of_record
SF:lib/components/parts/limit_overlay.dart
DA:7,4
DA:11,4
DA:13,4
DA:14,1
DA:15,1
DA:16,1
DA:17,1
DA:18,1
DA:20,1
DA:21,1
DA:22,2
DA:23,1
DA:27,1
DA:28,4
LF:14
LH:14
end_of_record
SF:lib/services/settings_service.dart
DA:11,9
DA:12,27
DA:25,2
DA:28,0
DA:39,1
DA:40,1
DA:42,1
DA:43,1
DA:44,1
DA:45,2
DA:46,0
DA:47,0
DA:48,0
DA:49,0
DA:50,0
DA:51,0
DA:52,0
DA:55,1
DA:61,2
DA:62,2
DA:63,4
DA:64,1
DA:65,1
DA:66,1
DA:69,1
DA:70,1
DA:71,1
DA:72,1
DA:73,1
DA:74,1
DA:77,1
DA:78,2
DA:79,4
DA:82,1
DA:84,1
DA:85,1
DA:86,1
DA:87,1
DA:88,2
DA:89,3
DA:90,3
DA:91,3
DA:92,3
DA:93,3
DA:95,2
DA:101,1
DA:102,2
DA:103,1
DA:104,1
DA:105,1
DA:108,2
DA:109,2
DA:110,6
LF:53
LH:45
end_of_record
SF:lib/helpers/macos/file_icon_helper.dart
DA:13,15
DA:15,5
DA:17,5
DA:20,10
DA:22,2
DA:26,5
DA:32,2
DA:36,6
DA:41,2
DA:42,4
DA:43,6
DA:44,3
DA:45,2
DA:49,5
DA:50,5
DA:51,25
DA:52,15
DA:55,1
DA:56,2
LF:19
LH:19
end_of_record
SF:lib/services/logger.dart
DA:7,0
DA:8,20
DA:10,10
DA:15,40
DA:16,10
DA:17,10
DA:18,10
DA:19,3
DA:21,10
DA:25,10
DA:27,10
DA:29,10
DA:31,10
DA:33,5
DA:35,3
DA:40,0
DA:41,0
DA:42,3
DA:43,3
DA:44,9
DA:45,9
DA:46,4
DA:47,4
DA:48,3
DA:49,3
LF:25
LH:22
end_of_record
SF:lib/controllers/drag_coordinator.dart
DA:16,4
DA:26,2
DA:27,2
DA:28,2
DA:29,2
DA:30,2
DA:31,4
DA:32,10
DA:35,1
DA:36,2
DA:37,2
DA:38,2
DA:39,2
DA:40,2
DA:41,2
DA:45,2
DA:46,4
DA:47,0
DA:48,0
DA:50,0
DA:59,2
DA:60,4
DA:61,0
DA:62,0
DA:68,3
DA:69,3
DA:70,3
DA:74,2
DA:75,2
DA:81,2
DA:82,4
DA:83,6
DA:85,2
DA:93,3
DA:94,3
DA:96,2
DA:97,4
DA:98,8
DA:99,2
DA:103,2
DA:104,2
DA:105,2
DA:106,2
DA:111,3
DA:113,2
DA:114,4
DA:115,4
DA:116,2
DA:117,4
LF:49
LH:44
end_of_record
SF:lib/services/file_drop_service.dart
DA:6,4
DA:7,12
DA:14,9
DA:17,4
DA:19,3
DA:20,3
DA:21,6
DA:23,12
DA:24,3
DA:25,9
DA:28,3
DA:31,3
DA:32,3
DA:33,4
DA:34,4
DA:35,2
DA:36,2
DA:39,0
DA:40,0
DA:41,0
DA:44,2
DA:47,4
LF:22
LH:19
end_of_record
SF:lib/services/drag_out_service.dart
DA:5,4
DA:6,12
DA:14,3
DA:15,3
DA:16,3
DA:17,3
DA:19,9
DA:21,6
DA:22,3
DA:27,2
DA:28,4
LF:11
LH:11
end_of_record
